[18-Jul-2016 08:32:36 UTC] PHP Warning:  Missing argument 1 for CRUD::read_ID(), called in /home/ubuntu/workspace/calendar.OOP_1/controllers/dbcrud.php on line 35 and defined in /home/ubuntu/workspace/calendar.OOP_1/models/class.crud.php on line 23
[18-Jul-2016 08:32:36 UTC] PHP Stack trace:
[18-Jul-2016 08:32:36 UTC] PHP   1. {main}() /home/ubuntu/workspace/calendar.OOP_1/controllers/dbcrud.php:0
[18-Jul-2016 08:32:36 UTC] PHP   2. CRUD->read_ID() /home/ubuntu/workspace/calendar.OOP_1/controllers/dbcrud.php:35
[18-Jul-2016 08:32:44 UTC] PHP Warning:  Missing argument 1 for CRUD::read_ID(), called in /home/ubuntu/workspace/calendar.OOP_1/controllers/dbcrud.php on line 35 and defined in /home/ubuntu/workspace/calendar.OOP_1/models/class.crud.php on line 23
[18-Jul-2016 08:32:44 UTC] PHP Stack trace:
[18-Jul-2016 08:32:44 UTC] PHP   1. {main}() /home/ubuntu/workspace/calendar.OOP_1/controllers/dbcrud.php:0
[18-Jul-2016 08:32:44 UTC] PHP   2. CRUD->read_ID() /home/ubuntu/workspace/calendar.OOP_1/controllers/dbcrud.php:35
[19-Jul-2016 02:11:51 UTC] PHP Warning:  Missing argument 1 for CRUD::read_ID(), called in /home/ubuntu/workspace/calendar.OOP_1/controllers/dbcrud.php on line 35 and defined in /home/ubuntu/workspace/calendar.OOP_1/models/class.crud.php on line 23
[19-Jul-2016 02:11:51 UTC] PHP Stack trace:
[19-Jul-2016 02:11:51 UTC] PHP   1. {main}() /home/ubuntu/workspace/calendar.OOP_1/controllers/dbcrud.php:0
[19-Jul-2016 02:11:51 UTC] PHP   2. CRUD->read_ID() /home/ubuntu/workspace/calendar.OOP_1/controllers/dbcrud.php:35
[19-Jul-2016 02:24:06 UTC] PHP Warning:  mysql_fetch_row() expects parameter 1 to be resource, boolean given in /home/ubuntu/workspace/calendar.OOP_1/controllers/dbcrud.php on line 12
[19-Jul-2016 02:24:06 UTC] PHP Stack trace:
[19-Jul-2016 02:24:06 UTC] PHP   1. {main}() /home/ubuntu/workspace/calendar.OOP_1/controllers/dbcrud.php:0
[19-Jul-2016 02:24:06 UTC] PHP   2. mysql_fetch_row() /home/ubuntu/workspace/calendar.OOP_1/controllers/dbcrud.php:12
[19-Jul-2016 02:24:21 UTC] PHP Warning:  mysql_fetch_row() expects parameter 1 to be resource, boolean given in /home/ubuntu/workspace/calendar.OOP_1/controllers/dbcrud.php on line 12
[19-Jul-2016 02:24:21 UTC] PHP Stack trace:
[19-Jul-2016 02:24:21 UTC] PHP   1. {main}() /home/ubuntu/workspace/calendar.OOP_1/controllers/dbcrud.php:0
[19-Jul-2016 02:24:21 UTC] PHP   2. mysql_fetch_row() /home/ubuntu/workspace/calendar.OOP_1/controllers/dbcrud.php:12
[19-Jul-2016 02:25:09 UTC] PHP Warning:  mysql_fetch_row() expects parameter 1 to be resource, boolean given in /home/ubuntu/workspace/calendar.OOP_1/controllers/dbcrud.php on line 12
[19-Jul-2016 02:25:09 UTC] PHP Stack trace:
[19-Jul-2016 02:25:09 UTC] PHP   1. {main}() /home/ubuntu/workspace/calendar.OOP_1/controllers/dbcrud.php:0
[19-Jul-2016 02:25:09 UTC] PHP   2. mysql_fetch_row() /home/ubuntu/workspace/calendar.OOP_1/controllers/dbcrud.php:12
[19-Jul-2016 03:28:49 UTC] PHP Parse error:  syntax error, unexpected 'd' (T_STRING) in /home/ubuntu/workspace/calendar.OOP_1/views/calendar.php on line 15
[19-Jul-2016 03:38:42 UTC] PHP Warning:  Missing argument 1 for CRUD::read_ID(), called in /home/ubuntu/workspace/calendar.OOP_1/controllers/dbcrud.php on line 44 and defined in /home/ubuntu/workspace/calendar.OOP_1/models/class.crud.php on line 23
[19-Jul-2016 03:38:42 UTC] PHP Stack trace:
[19-Jul-2016 03:38:42 UTC] PHP   1. {main}() /home/ubuntu/workspace/calendar.OOP_1/controllers/dbcrud.php:0
[19-Jul-2016 03:38:42 UTC] PHP   2. CRUD->read_ID() /home/ubuntu/workspace/calendar.OOP_1/controllers/dbcrud.php:44
[19-Jul-2016 03:38:46 UTC] PHP Warning:  Missing argument 1 for CRUD::read_ID(), called in /home/ubuntu/workspace/calendar.OOP_1/controllers/dbcrud.php on line 44 and defined in /home/ubuntu/workspace/calendar.OOP_1/models/class.crud.php on line 23
[19-Jul-2016 03:38:46 UTC] PHP Stack trace:
[19-Jul-2016 03:38:46 UTC] PHP   1. {main}() /home/ubuntu/workspace/calendar.OOP_1/controllers/dbcrud.php:0
[19-Jul-2016 03:38:46 UTC] PHP   2. CRUD->read_ID() /home/ubuntu/workspace/calendar.OOP_1/controllers/dbcrud.php:44
[19-Jul-2016 03:38:50 UTC] PHP Warning:  Missing argument 1 for CRUD::read_ID(), called in /home/ubuntu/workspace/calendar.OOP_1/controllers/dbcrud.php on line 44 and defined in /home/ubuntu/workspace/calendar.OOP_1/models/class.crud.php on line 23
[19-Jul-2016 03:38:50 UTC] PHP Stack trace:
[19-Jul-2016 03:38:50 UTC] PHP   1. {main}() /home/ubuntu/workspace/calendar.OOP_1/controllers/dbcrud.php:0
[19-Jul-2016 03:38:50 UTC] PHP   2. CRUD->read_ID() /home/ubuntu/workspace/calendar.OOP_1/controllers/dbcrud.php:44
[19-Jul-2016 04:19:45 UTC] PHP Warning:  Missing argument 1 for CRUD::read_ID(), called in /home/ubuntu/workspace/calendar.OOP_1/controllers/dbcrud.php on line 54 and defined in /home/ubuntu/workspace/calendar.OOP_1/models/class.crud.php on line 23
[19-Jul-2016 04:19:45 UTC] PHP Stack trace:
[19-Jul-2016 04:19:45 UTC] PHP   1. {main}() /home/ubuntu/workspace/calendar.OOP_1/controllers/dbcrud.php:0
[19-Jul-2016 04:19:45 UTC] PHP   2. CRUD->read_ID() /home/ubuntu/workspace/calendar.OOP_1/controllers/dbcrud.php:54
[19-Jul-2016 06:19:25 UTC] PHP Warning:  Missing argument 1 for CRUD::read_ID(), called in /home/ubuntu/workspace/calendar.OOP_1/controllers/dbcrud.php on line 54 and defined in /home/ubuntu/workspace/calendar.OOP_1/models/class.crud.php on line 23
[19-Jul-2016 06:19:25 UTC] PHP Stack trace:
[19-Jul-2016 06:19:25 UTC] PHP   1. {main}() /home/ubuntu/workspace/calendar.OOP_1/controllers/dbcrud.php:0
[19-Jul-2016 06:19:25 UTC] PHP   2. CRUD->read_ID() /home/ubuntu/workspace/calendar.OOP_1/controllers/dbcrud.php:54
[19-Jul-2016 07:21:13 UTC] PHP Warning:  Missing argument 1 for CRUD::read_ID(), called in /home/ubuntu/workspace/calendar.OOP_1/controllers/dbcrud.php on line 54 and defined in /home/ubuntu/workspace/calendar.OOP_1/models/class.crud.php on line 23
[19-Jul-2016 07:21:13 UTC] PHP Stack trace:
[19-Jul-2016 07:21:13 UTC] PHP   1. {main}() /home/ubuntu/workspace/calendar.OOP_1/controllers/dbcrud.php:0
[19-Jul-2016 07:21:13 UTC] PHP   2. CRUD->read_ID() /home/ubuntu/workspace/calendar.OOP_1/controllers/dbcrud.php:54
[19-Jul-2016 07:21:17 UTC] PHP Warning:  Missing argument 1 for CRUD::read_ID(), called in /home/ubuntu/workspace/calendar.OOP_1/controllers/dbcrud.php on line 54 and defined in /home/ubuntu/workspace/calendar.OOP_1/models/class.crud.php on line 23
[19-Jul-2016 07:21:17 UTC] PHP Stack trace:
[19-Jul-2016 07:21:17 UTC] PHP   1. {main}() /home/ubuntu/workspace/calendar.OOP_1/controllers/dbcrud.php:0
[19-Jul-2016 07:21:17 UTC] PHP   2. CRUD->read_ID() /home/ubuntu/workspace/calendar.OOP_1/controllers/dbcrud.php:54
[19-Jul-2016 07:32:19 UTC] PHP Warning:  Missing argument 1 for CRUD::read_ID(), called in /home/ubuntu/workspace/calendar.OOP_1/controllers/dbcrud.php on line 54 and defined in /home/ubuntu/workspace/calendar.OOP_1/models/class.crud.php on line 23
[19-Jul-2016 07:32:19 UTC] PHP Stack trace:
[19-Jul-2016 07:32:19 UTC] PHP   1. {main}() /home/ubuntu/workspace/calendar.OOP_1/controllers/dbcrud.php:0
[19-Jul-2016 07:32:19 UTC] PHP   2. CRUD->read_ID() /home/ubuntu/workspace/calendar.OOP_1/controllers/dbcrud.php:54
[19-Jul-2016 07:40:53 UTC] PHP Warning:  Missing argument 1 for CRUD::read_ID(), called in /home/ubuntu/workspace/calendar.OOP_1/controllers/dbcrud.php on line 53 and defined in /home/ubuntu/workspace/calendar.OOP_1/models/class.crud.php on line 23
[19-Jul-2016 07:40:53 UTC] PHP Stack trace:
[19-Jul-2016 07:40:53 UTC] PHP   1. {main}() /home/ubuntu/workspace/calendar.OOP_1/controllers/dbcrud.php:0
[19-Jul-2016 07:40:53 UTC] PHP   2. CRUD->read_ID() /home/ubuntu/workspace/calendar.OOP_1/controllers/dbcrud.php:53
[19-Jul-2016 07:40:58 UTC] PHP Warning:  Missing argument 1 for CRUD::read_ID(), called in /home/ubuntu/workspace/calendar.OOP_1/controllers/dbcrud.php on line 53 and defined in /home/ubuntu/workspace/calendar.OOP_1/models/class.crud.php on line 23
[19-Jul-2016 07:40:58 UTC] PHP Stack trace:
[19-Jul-2016 07:40:58 UTC] PHP   1. {main}() /home/ubuntu/workspace/calendar.OOP_1/controllers/dbcrud.php:0
[19-Jul-2016 07:40:58 UTC] PHP   2. CRUD->read_ID() /home/ubuntu/workspace/calendar.OOP_1/controllers/dbcrud.php:53
[19-Jul-2016 07:41:20 UTC] PHP Warning:  Missing argument 1 for CRUD::read_ID(), called in /home/ubuntu/workspace/calendar.OOP_1/controllers/dbcrud.php on line 53 and defined in /home/ubuntu/workspace/calendar.OOP_1/models/class.crud.php on line 23
[19-Jul-2016 07:41:20 UTC] PHP Stack trace:
[19-Jul-2016 07:41:20 UTC] PHP   1. {main}() /home/ubuntu/workspace/calendar.OOP_1/controllers/dbcrud.php:0
[19-Jul-2016 07:41:20 UTC] PHP   2. CRUD->read_ID() /home/ubuntu/workspace/calendar.OOP_1/controllers/dbcrud.php:53
[19-Jul-2016 07:41:23 UTC] PHP Warning:  Missing argument 1 for CRUD::read_ID(), called in /home/ubuntu/workspace/calendar.OOP_1/controllers/dbcrud.php on line 53 and defined in /home/ubuntu/workspace/calendar.OOP_1/models/class.crud.php on line 23
[19-Jul-2016 07:41:23 UTC] PHP Stack trace:
[19-Jul-2016 07:41:23 UTC] PHP   1. {main}() /home/ubuntu/workspace/calendar.OOP_1/controllers/dbcrud.php:0
[19-Jul-2016 07:41:23 UTC] PHP   2. CRUD->read_ID() /home/ubuntu/workspace/calendar.OOP_1/controllers/dbcrud.php:53
[19-Jul-2016 07:43:11 UTC] PHP Warning:  Missing argument 1 for CRUD::read_ID(), called in /home/ubuntu/workspace/calendar.OOP_1/controllers/dbcrud.php on line 53 and defined in /home/ubuntu/workspace/calendar.OOP_1/models/class.crud.php on line 23
[19-Jul-2016 07:43:11 UTC] PHP Stack trace:
[19-Jul-2016 07:43:11 UTC] PHP   1. {main}() /home/ubuntu/workspace/calendar.OOP_1/controllers/dbcrud.php:0
[19-Jul-2016 07:43:11 UTC] PHP   2. CRUD->read_ID() /home/ubuntu/workspace/calendar.OOP_1/controllers/dbcrud.php:53
[19-Jul-2016 08:03:00 UTC] PHP Warning:  Missing argument 1 for CRUD::read_ID(), called in /home/ubuntu/workspace/calendar.OOP_1/controllers/dbcrud.php on line 53 and defined in /home/ubuntu/workspace/calendar.OOP_1/models/class.crud.php on line 23
[19-Jul-2016 08:03:00 UTC] PHP Stack trace:
[19-Jul-2016 08:03:00 UTC] PHP   1. {main}() /home/ubuntu/workspace/calendar.OOP_1/controllers/dbcrud.php:0
[19-Jul-2016 08:03:00 UTC] PHP   2. CRUD->read_ID() /home/ubuntu/workspace/calendar.OOP_1/controllers/dbcrud.php:53
[19-Jul-2016 08:03:43 UTC] PHP Warning:  Missing argument 1 for CRUD::read_ID(), called in /home/ubuntu/workspace/calendar.OOP_1/controllers/dbcrud.php on line 53 and defined in /home/ubuntu/workspace/calendar.OOP_1/models/class.crud.php on line 23
[19-Jul-2016 08:03:43 UTC] PHP Stack trace:
[19-Jul-2016 08:03:43 UTC] PHP   1. {main}() /home/ubuntu/workspace/calendar.OOP_1/controllers/dbcrud.php:0
[19-Jul-2016 08:03:43 UTC] PHP   2. CRUD->read_ID() /home/ubuntu/workspace/calendar.OOP_1/controllers/dbcrud.php:53
[19-Jul-2016 08:08:09 UTC] PHP Warning:  Missing argument 1 for CRUD::read_ID(), called in /home/ubuntu/workspace/calendar.OOP_1/controllers/dbcrud.php on line 53 and defined in /home/ubuntu/workspace/calendar.OOP_1/models/class.crud.php on line 23
[19-Jul-2016 08:08:09 UTC] PHP Stack trace:
[19-Jul-2016 08:08:09 UTC] PHP   1. {main}() /home/ubuntu/workspace/calendar.OOP_1/controllers/dbcrud.php:0
[19-Jul-2016 08:08:09 UTC] PHP   2. CRUD->read_ID() /home/ubuntu/workspace/calendar.OOP_1/controllers/dbcrud.php:53
[19-Jul-2016 08:08:13 UTC] PHP Warning:  Missing argument 1 for CRUD::read_ID(), called in /home/ubuntu/workspace/calendar.OOP_1/controllers/dbcrud.php on line 53 and defined in /home/ubuntu/workspace/calendar.OOP_1/models/class.crud.php on line 23
[19-Jul-2016 08:08:13 UTC] PHP Stack trace:
[19-Jul-2016 08:08:13 UTC] PHP   1. {main}() /home/ubuntu/workspace/calendar.OOP_1/controllers/dbcrud.php:0
[19-Jul-2016 08:08:13 UTC] PHP   2. CRUD->read_ID() /home/ubuntu/workspace/calendar.OOP_1/controllers/dbcrud.php:53
[19-Jul-2016 08:08:17 UTC] PHP Warning:  Missing argument 1 for CRUD::read_ID(), called in /home/ubuntu/workspace/calendar.OOP_1/controllers/dbcrud.php on line 53 and defined in /home/ubuntu/workspace/calendar.OOP_1/models/class.crud.php on line 23
[19-Jul-2016 08:08:17 UTC] PHP Stack trace:
[19-Jul-2016 08:08:17 UTC] PHP   1. {main}() /home/ubuntu/workspace/calendar.OOP_1/controllers/dbcrud.php:0
[19-Jul-2016 08:08:17 UTC] PHP   2. CRUD->read_ID() /home/ubuntu/workspace/calendar.OOP_1/controllers/dbcrud.php:53
[19-Jul-2016 08:22:46 UTC] PHP Warning:  Missing argument 1 for CRUD::read_ID(), called in /home/ubuntu/workspace/calendar.OOP_1/controllers/dbcrud.php on line 53 and defined in /home/ubuntu/workspace/calendar.OOP_1/models/class.crud.php on line 23
[19-Jul-2016 08:22:46 UTC] PHP Stack trace:
[19-Jul-2016 08:22:46 UTC] PHP   1. {main}() /home/ubuntu/workspace/calendar.OOP_1/controllers/dbcrud.php:0
[19-Jul-2016 08:22:46 UTC] PHP   2. CRUD->read_ID() /home/ubuntu/workspace/calendar.OOP_1/controllers/dbcrud.php:53
[19-Jul-2016 08:24:22 UTC] PHP Warning:  Missing argument 1 for CRUD::read_ID(), called in /home/ubuntu/workspace/calendar.OOP_1/controllers/dbcrud.php on line 53 and defined in /home/ubuntu/workspace/calendar.OOP_1/models/class.crud.php on line 23
[19-Jul-2016 08:24:22 UTC] PHP Stack trace:
[19-Jul-2016 08:24:22 UTC] PHP   1. {main}() /home/ubuntu/workspace/calendar.OOP_1/controllers/dbcrud.php:0
[19-Jul-2016 08:24:22 UTC] PHP   2. CRUD->read_ID() /home/ubuntu/workspace/calendar.OOP_1/controllers/dbcrud.php:53
